06:39:24.031 [main] INFO  testCases.TC002_LoginTest - ***Starting TC002_LoginTest***
06:39:26.386 [main] INFO  testCases.TC002_LoginTest - ***Finished TC002_LoginTest***
06:40:24.682 [main] INFO  testCases.TC001_AccountRegistrationTest - ***Starting TC001_AccountRegistrationTest***
06:40:25.198 [main] INFO  testCases.TC001_AccountRegistrationTest - ***Clicked on MyAccount link***
06:40:26.087 [main] INFO  testCases.TC001_AccountRegistrationTest - ***Clicked on Register link***
06:40:26.097 [main] INFO  testCases.TC001_AccountRegistrationTest - ***Providing Details***
06:40:28.690 [main] INFO  testCases.TC001_AccountRegistrationTest - ***validating expected message***
06:40:28.764 [main] INFO  testCases.TC001_AccountRegistrationTest - ***finished***
06:40:38.758 [main] INFO  testCases.TC002_LoginTest - ***Starting TC002_LoginTest***
06:40:40.996 [main] INFO  testCases.TC002_LoginTest - ***Finished TC002_LoginTest***
06:41:28.020 [main] INFO  testCases.TC001_AccountRegistrationTest - ***Starting TC001_AccountRegistrationTest***
06:41:28.424 [main] INFO  testCases.TC001_AccountRegistrationTest - ***Clicked on MyAccount link***
06:41:29.330 [main] INFO  testCases.TC001_AccountRegistrationTest - ***Clicked on Register link***
06:41:29.340 [main] INFO  testCases.TC001_AccountRegistrationTest - ***Providing Details***
06:41:31.379 [main] INFO  testCases.TC001_AccountRegistrationTest - ***validating expected message***
06:41:31.471 [main] INFO  testCases.TC001_AccountRegistrationTest - ***finished***
06:41:41.219 [main] INFO  testCases.TC002_LoginTest - ***Starting TC002_LoginTest***
06:41:43.356 [main] INFO  testCases.TC002_LoginTest - ***Finished TC002_LoginTest***
07:01:56.527 [main] INFO  testCases.TC002_LoginTest - ***Starting TC002_LoginTest***
09:47:25.653 [main] INFO  testCases.TC002_LoginTest - ***Starting TC002_LoginTest***
09:48:24.390 [main] INFO  testCases.TC002_LoginTest - ***Starting TC002_LoginTest***
09:48:32.873 [main] INFO  testCases.TC002_LoginTest - ***Finished TC002_LoginTest***
09:49:25.624 [main] INFO  testCases.TC002_LoginTest - ***Starting TC002_LoginTest***
09:50:41.090 [main] INFO  testCases.TC002_LoginTest - ***Starting TC002_LoginTest***
09:50:43.879 [main] INFO  testCases.TC002_LoginTest - ***Finished TC002_LoginTest***
09:51:11.347 [main] INFO  testCases.TC002_LoginTest - ***Starting TC002_LoginTest***
09:51:13.489 [main] INFO  testCases.TC002_LoginTest - ***Finished TC002_LoginTest***
10:00:19.127 [main] INFO  testCases.TC002_LoginTest - ***Starting TC002_LoginTest***
10:00:21.841 [main] INFO  testCases.TC002_LoginTest - ***Finished TC002_LoginTest***
10:02:08.618 [main] INFO  testCases.TC002_LoginTest - ***Starting TC002_LoginTest***
10:02:11.201 [main] INFO  testCases.TC002_LoginTest - ***Finished TC002_LoginTest***
10:49:28.655 [main] INFO  testCases.TC002_LoginTest - ***Starting TC002_LoginTest***
10:49:31.604 [main] INFO  testCases.TC002_LoginTest - ***Finished TC002_LoginTest***
10:52:28.318 [main] INFO  testCases.TC002_LoginTest - ***Starting TC002_LoginTest***
10:52:30.703 [main] INFO  testCases.TC002_LoginTest - ***Finished TC002_LoginTest***
10:53:48.601 [main] INFO  testCases.TC002_LoginTest - ***Starting TC002_LoginTest***
10:53:51.043 [main] INFO  testCases.TC002_LoginTest - ***Finished TC002_LoginTest***
10:54:44.693 [main] INFO  testCases.TC002_LoginTest - ***Starting TC002_LoginTest***
10:54:46.927 [main] INFO  testCases.TC002_LoginTest - ***Finished TC002_LoginTest***
11:18:26.521 [TestNG-tests-2] INFO  testCases.TC001_AccountRegistrationTest - ***Starting TC001_AccountRegistrationTest***
11:18:27.028 [TestNG-tests-2] INFO  testCases.TC001_AccountRegistrationTest - ***Clicked on MyAccount link***
11:18:27.217 [TestNG-tests-1] INFO  testCases.TC001_AccountRegistrationTest - ***Starting TC001_AccountRegistrationTest***
11:18:27.517 [TestNG-tests-1] INFO  testCases.TC001_AccountRegistrationTest - ***Clicked on MyAccount link***
11:18:28.424 [TestNG-tests-2] INFO  testCases.TC001_AccountRegistrationTest - ***Clicked on Register link***
11:18:28.524 [TestNG-tests-2] INFO  testCases.TC001_AccountRegistrationTest - ***Providing Details***
11:18:28.663 [TestNG-tests-1] INFO  testCases.TC001_AccountRegistrationTest - ***Clicked on Register link***
11:18:28.668 [TestNG-tests-1] INFO  testCases.TC001_AccountRegistrationTest - ***Providing Details***
11:18:31.855 [TestNG-tests-2] INFO  testCases.TC001_AccountRegistrationTest - ***validating expected message***
11:18:32.281 [TestNG-tests-2] INFO  testCases.TC001_AccountRegistrationTest - ***finished***
11:18:33.871 [TestNG-tests-3] INFO  testCases.TC001_AccountRegistrationTest - ***Starting TC001_AccountRegistrationTest***
11:18:33.932 [TestNG-tests-1] INFO  testCases.TC001_AccountRegistrationTest - ***validating expected message***
11:18:34.055 [TestNG-tests-1] INFO  testCases.TC001_AccountRegistrationTest - ***finished***
11:18:34.163 [TestNG-tests-3] INFO  testCases.TC001_AccountRegistrationTest - ***Clicked on MyAccount link***
11:18:35.058 [TestNG-tests-3] INFO  testCases.TC001_AccountRegistrationTest - ***Clicked on Register link***
11:18:35.059 [TestNG-tests-3] INFO  testCases.TC001_AccountRegistrationTest - ***Providing Details***
11:18:37.650 [TestNG-tests-3] INFO  testCases.TC001_AccountRegistrationTest - ***validating expected message***
11:18:37.723 [TestNG-tests-3] INFO  testCases.TC001_AccountRegistrationTest - ***finished***
11:30:26.699 [TestNG-tests-1] INFO  testCases.TC001_AccountRegistrationTest - ***Starting TC001_AccountRegistrationTest***
11:30:27.444 [TestNG-tests-1] INFO  testCases.TC001_AccountRegistrationTest - ***Clicked on MyAccount link***
11:30:29.725 [TestNG-tests-1] INFO  testCases.TC001_AccountRegistrationTest - ***Clicked on Register link***
11:30:29.730 [TestNG-tests-1] INFO  testCases.TC001_AccountRegistrationTest - ***Providing Details***
11:30:30.068 [TestNG-tests-2] INFO  testCases.TC001_AccountRegistrationTest - ***Starting TC001_AccountRegistrationTest***
11:30:30.582 [TestNG-tests-2] INFO  testCases.TC001_AccountRegistrationTest - ***Clicked on MyAccount link***
11:30:32.681 [TestNG-tests-2] INFO  testCases.TC001_AccountRegistrationTest - ***Clicked on Register link***
11:30:32.684 [TestNG-tests-2] INFO  testCases.TC001_AccountRegistrationTest - ***Providing Details***
11:30:32.939 [TestNG-tests-3] INFO  testCases.TC001_AccountRegistrationTest - ***Starting TC001_AccountRegistrationTest***
11:30:33.324 [TestNG-tests-3] INFO  testCases.TC001_AccountRegistrationTest - ***Clicked on MyAccount link***
11:30:34.542 [TestNG-tests-3] INFO  testCases.TC001_AccountRegistrationTest - ***Clicked on Register link***
11:30:34.543 [TestNG-tests-3] INFO  testCases.TC001_AccountRegistrationTest - ***Providing Details***
11:30:37.046 [TestNG-tests-1] INFO  testCases.TC001_AccountRegistrationTest - ***validating expected message***
11:30:37.121 [TestNG-tests-1] INFO  testCases.TC001_AccountRegistrationTest - ***finished***
11:30:37.685 [TestNG-tests-2] INFO  testCases.TC001_AccountRegistrationTest - ***validating expected message***
11:30:37.819 [TestNG-tests-3] INFO  testCases.TC001_AccountRegistrationTest - ***validating expected message***
11:30:37.865 [TestNG-tests-2] INFO  testCases.TC001_AccountRegistrationTest - ***finished***
11:30:37.882 [TestNG-tests-3] INFO  testCases.TC001_AccountRegistrationTest - ***finished***
11:33:18.979 [main] INFO  testCases.TC001_AccountRegistrationTest - ***Starting TC001_AccountRegistrationTest***
11:33:19.195 [main] INFO  testCases.TC001_AccountRegistrationTest - ***Clicked on MyAccount link***
11:33:20.041 [main] INFO  testCases.TC001_AccountRegistrationTest - ***Clicked on Register link***
11:33:20.044 [main] INFO  testCases.TC001_AccountRegistrationTest - ***Providing Details***
11:33:22.137 [main] INFO  testCases.TC001_AccountRegistrationTest - ***validating expected message***
11:33:22.200 [main] INFO  testCases.TC001_AccountRegistrationTest - ***finished***
11:33:34.020 [main] INFO  testCases.TC001_AccountRegistrationTest - ***Starting TC001_AccountRegistrationTest***
11:33:34.262 [main] INFO  testCases.TC001_AccountRegistrationTest - ***Clicked on MyAccount link***
11:33:35.153 [main] INFO  testCases.TC001_AccountRegistrationTest - ***Clicked on Register link***
11:33:35.156 [main] INFO  testCases.TC001_AccountRegistrationTest - ***Providing Details***
11:33:37.371 [main] INFO  testCases.TC001_AccountRegistrationTest - ***validating expected message***
11:33:37.424 [main] INFO  testCases.TC001_AccountRegistrationTest - ***finished***
11:33:50.300 [main] INFO  testCases.TC001_AccountRegistrationTest - ***Starting TC001_AccountRegistrationTest***
11:33:50.468 [main] INFO  testCases.TC001_AccountRegistrationTest - ***Clicked on MyAccount link***
11:33:51.284 [main] INFO  testCases.TC001_AccountRegistrationTest - ***Clicked on Register link***
11:33:51.288 [main] INFO  testCases.TC001_AccountRegistrationTest - ***Providing Details***
11:33:53.488 [main] INFO  testCases.TC001_AccountRegistrationTest - ***validating expected message***
11:33:53.556 [main] INFO  testCases.TC001_AccountRegistrationTest - ***finished***
11:35:06.372 [TestNG-tests-1] INFO  testCases.TC001_AccountRegistrationTest - ***Starting TC001_AccountRegistrationTest***
11:35:06.666 [TestNG-tests-1] INFO  testCases.TC001_AccountRegistrationTest - ***Clicked on MyAccount link***
11:35:08.097 [TestNG-tests-2] INFO  testCases.TC001_AccountRegistrationTest - ***Starting TC001_AccountRegistrationTest***
11:35:08.351 [TestNG-tests-1] INFO  testCases.TC001_AccountRegistrationTest - ***Clicked on Register link***
11:35:08.353 [TestNG-tests-1] INFO  testCases.TC001_AccountRegistrationTest - ***Providing Details***
11:35:08.386 [TestNG-tests-2] INFO  testCases.TC001_AccountRegistrationTest - ***Clicked on MyAccount link***
11:35:10.460 [TestNG-tests-2] INFO  testCases.TC001_AccountRegistrationTest - ***Clicked on Register link***
11:35:10.463 [TestNG-tests-2] INFO  testCases.TC001_AccountRegistrationTest - ***Providing Details***
11:35:13.783 [TestNG-tests-3] INFO  testCases.TC001_AccountRegistrationTest - ***Starting TC001_AccountRegistrationTest***
11:35:14.302 [TestNG-tests-3] INFO  testCases.TC001_AccountRegistrationTest - ***Clicked on MyAccount link***
11:35:15.530 [TestNG-tests-3] INFO  testCases.TC001_AccountRegistrationTest - ***Clicked on Register link***
11:35:15.533 [TestNG-tests-3] INFO  testCases.TC001_AccountRegistrationTest - ***Providing Details***
11:35:16.339 [TestNG-tests-2] INFO  testCases.TC001_AccountRegistrationTest - ***validating expected message***
11:35:16.481 [TestNG-tests-2] INFO  testCases.TC001_AccountRegistrationTest - ***finished***
11:35:16.718 [TestNG-tests-1] INFO  testCases.TC001_AccountRegistrationTest - ***validating expected message***
11:35:16.786 [TestNG-tests-1] INFO  testCases.TC001_AccountRegistrationTest - ***finished***
11:35:18.104 [TestNG-tests-3] INFO  testCases.TC001_AccountRegistrationTest - ***validating expected message***
11:35:18.170 [TestNG-tests-3] INFO  testCases.TC001_AccountRegistrationTest - ***finished***
13:17:59.357 [main] INFO  testCases.TC002_LoginTest - ***Starting TC002_LoginTest***
13:18:01.541 [main] INFO  testCases.TC002_LoginTest - ***Finished TC002_LoginTest***
13:54:52.133 [main] INFO  testCases.TC003_LoginDDT2Dup - ***Starting TC003_LoginDDT***
14:00:56.956 [main] INFO  testCases.TC003_LoginDDT2Dup - ***Starting TC003_LoginDDT***
14:04:08.514 [main] INFO  testCases.TC003_LoginDDT2Dup - ***Starting TC003_LoginDDT***
14:04:19.443 [main] INFO  testCases.TC003_LoginDDT2Dup - ***Finished TC003_LoginDDT***
14:09:14.032 [main] INFO  testCases.TC003_LoginDDT2Dup - ***Starting TC003_LoginDDT***
14:09:23.184 [main] INFO  testCases.TC003_LoginDDT2Dup - ***Finished TC003_LoginDDT***
17:54:34.101 [main] INFO  testCases.TC003_LoginDDT2Dup - ***Starting TC003_LoginDDT***
17:55:46.988 [main] INFO  testCases.TC003_LoginDDT2Dup - ***Starting TC003_LoginDDT***
17:56:56.073 [main] INFO  testCases.TC003_LoginDDT2Dup - ***Starting TC003_LoginDDT***
10:35:19.135 [main] INFO  testCases.TC001_AccountRegistrationTest - ***Starting TC001_AccountRegistrationTest***
10:35:19.631 [main] INFO  testCases.TC001_AccountRegistrationTest - ***Clicked on MyAccount link***
10:35:20.475 [main] INFO  testCases.TC001_AccountRegistrationTest - ***Clicked on Register link***
10:35:20.526 [main] INFO  testCases.TC001_AccountRegistrationTest - ***Providing Details***
10:35:22.760 [main] INFO  testCases.TC001_AccountRegistrationTest - ***validating expected message***
10:35:22.819 [main] INFO  testCases.TC001_AccountRegistrationTest - ***finished***
10:35:34.301 [main] INFO  testCases.TC002_LoginTest - ***Starting TC002_LoginTest***
10:35:37.009 [main] INFO  testCases.TC002_LoginTest - ***Finished TC002_LoginTest***
10:36:27.962 [main] INFO  testCases.TC002_LoginTest - ***Starting TC002_LoginTest***
10:36:30.393 [main] INFO  testCases.TC002_LoginTest - ***Finished TC002_LoginTest***
10:37:02.880 [main] INFO  testCases.TC002_LoginTest - ***Starting TC002_LoginTest***
10:37:05.786 [main] INFO  testCases.TC002_LoginTest - ***Finished TC002_LoginTest***
10:41:27.572 [main] INFO  testCases.TC002_LoginTest - ***Starting TC002_LoginTest***
10:41:30.147 [main] INFO  testCases.TC002_LoginTest - ***Finished TC002_LoginTest***
11:14:54.200 [main] INFO  testCases.TC001_AccountRegistrationTest - ***Starting TC001_AccountRegistrationTest***
11:14:54.710 [main] INFO  testCases.TC001_AccountRegistrationTest - ***Clicked on MyAccount link***
11:14:55.658 [main] INFO  testCases.TC001_AccountRegistrationTest - ***Clicked on Register link***
11:14:55.705 [main] INFO  testCases.TC001_AccountRegistrationTest - ***Providing Details***
11:14:57.728 [main] INFO  testCases.TC001_AccountRegistrationTest - ***validating expected message***
11:14:57.799 [main] INFO  testCases.TC001_AccountRegistrationTest - ***finished***
11:15:08.651 [main] INFO  testCases.TC002_LoginTest - ***Starting TC002_LoginTest***
11:15:11.317 [main] INFO  testCases.TC002_LoginTest - ***Finished TC002_LoginTest***
16:18:28.265 [main] INFO  testCases.TC002_LoginTest - ***Starting TC002_LoginTest***
16:18:31.605 [main] INFO  testCases.TC002_LoginTest - ***Finished TC002_LoginTest***
21:03:12.778 [main] INFO  testCases.TC001_AccountRegistrationTest - ***Starting TC001_AccountRegistrationTest***
21:03:13.055 [main] INFO  testCases.TC001_AccountRegistrationTest - ***Clicked on MyAccount link***
21:03:13.922 [main] INFO  testCases.TC001_AccountRegistrationTest - ***Clicked on Register link***
21:03:13.926 [main] INFO  testCases.TC001_AccountRegistrationTest - ***Providing Details***
21:03:15.796 [main] INFO  testCases.TC001_AccountRegistrationTest - ***validating expected message***
21:03:15.853 [main] INFO  testCases.TC001_AccountRegistrationTest - ***finished***
21:03:24.444 [main] INFO  testCases.TC002_LoginTest - ***Starting TC002_LoginTest***
21:03:27.074 [main] INFO  testCases.TC002_LoginTest - ***Finished TC002_LoginTest***
20:08:31.330 [main] INFO  testCases.TC001_AccountRegistrationTest - ***Starting TC001_AccountRegistrationTest***
20:08:31.772 [main] INFO  testCases.TC001_AccountRegistrationTest - ***Clicked on MyAccount link***
20:08:32.869 [main] INFO  testCases.TC001_AccountRegistrationTest - ***Clicked on Register link***
20:08:32.942 [main] INFO  testCases.TC001_AccountRegistrationTest - ***Providing Details***
20:08:35.057 [main] INFO  testCases.TC001_AccountRegistrationTest - ***validating expected message***
20:08:35.138 [main] INFO  testCases.TC001_AccountRegistrationTest - ***finished***
20:08:39.572 [main] INFO  testCases.TC002_LoginTest - ***Starting TC002_LoginTest***
20:08:41.752 [main] INFO  testCases.TC002_LoginTest - ***Finished TC002_LoginTest***
20:14:09.792 [TestNG-tests-1] INFO  testCases.TC001_AccountRegistrationTest - ***Starting TC001_AccountRegistrationTest***
20:14:09.971 [TestNG-tests-1] INFO  testCases.TC001_AccountRegistrationTest - ***Clicked on MyAccount link***
20:14:11.688 [TestNG-tests-1] INFO  testCases.TC001_AccountRegistrationTest - ***Clicked on Register link***
20:14:11.698 [TestNG-tests-1] INFO  testCases.TC001_AccountRegistrationTest - ***Providing Details***
20:14:14.314 [TestNG-tests-1] INFO  testCases.TC001_AccountRegistrationTest - ***validating expected message***
20:14:14.388 [TestNG-tests-1] INFO  testCases.TC001_AccountRegistrationTest - ***finished***
20:14:14.959 [TestNG-tests-2] INFO  testCases.TC001_AccountRegistrationTest - ***Starting TC001_AccountRegistrationTest***
20:14:15.218 [TestNG-tests-2] ERROR testCases.TC001_AccountRegistrationTest - test failed...
20:16:58.161 [main] INFO  testCases.TC001_AccountRegistrationTest - ***Starting TC001_AccountRegistrationTest***
20:16:58.418 [main] INFO  testCases.TC001_AccountRegistrationTest - ***Clicked on MyAccount link***
20:16:59.211 [main] INFO  testCases.TC001_AccountRegistrationTest - ***Clicked on Register link***
20:16:59.220 [main] INFO  testCases.TC001_AccountRegistrationTest - ***Providing Details***
20:17:01.362 [main] INFO  testCases.TC001_AccountRegistrationTest - ***validating expected message***
20:17:01.424 [main] INFO  testCases.TC001_AccountRegistrationTest - ***finished***
20:17:06.084 [main] INFO  testCases.TC002_LoginTest - ***Starting TC002_LoginTest***
20:17:08.155 [main] INFO  testCases.TC002_LoginTest - ***Finished TC002_LoginTest***
20:29:08.741 [main] INFO  testCases.TC001_AccountRegistrationTest - ***Starting TC001_AccountRegistrationTest***
20:29:09.027 [main] INFO  testCases.TC001_AccountRegistrationTest - ***Clicked on MyAccount link***
20:29:09.828 [main] INFO  testCases.TC001_AccountRegistrationTest - ***Clicked on Register link***
20:29:09.834 [main] INFO  testCases.TC001_AccountRegistrationTest - ***Providing Details***
20:29:11.811 [main] INFO  testCases.TC001_AccountRegistrationTest - ***validating expected message***
20:29:11.863 [main] INFO  testCases.TC001_AccountRegistrationTest - ***finished***
20:29:20.193 [main] INFO  testCases.TC002_LoginTest - ***Starting TC002_LoginTest***
20:29:22.511 [main] INFO  testCases.TC002_LoginTest - ***Finished TC002_LoginTest***
20:32:48.949 [main] INFO  testCases.TC001_AccountRegistrationTest - ***Starting TC001_AccountRegistrationTest***
20:32:49.194 [main] INFO  testCases.TC001_AccountRegistrationTest - ***Clicked on MyAccount link***
20:32:50.224 [main] INFO  testCases.TC001_AccountRegistrationTest - ***Clicked on Register link***
20:32:50.230 [main] INFO  testCases.TC001_AccountRegistrationTest - ***Providing Details***
20:32:52.187 [main] INFO  testCases.TC001_AccountRegistrationTest - ***validating expected message***
20:32:52.240 [main] INFO  testCases.TC001_AccountRegistrationTest - ***finished***
20:32:57.844 [main] INFO  testCases.TC002_LoginTest - ***Starting TC002_LoginTest***
20:32:59.869 [main] INFO  testCases.TC002_LoginTest - ***Finished TC002_LoginTest***
20:35:36.163 [main] INFO  testCases.TC001_AccountRegistrationTest - ***Starting TC001_AccountRegistrationTest***
20:35:36.471 [main] INFO  testCases.TC001_AccountRegistrationTest - ***Clicked on MyAccount link***
20:35:37.255 [main] INFO  testCases.TC001_AccountRegistrationTest - ***Clicked on Register link***
20:35:37.258 [main] INFO  testCases.TC001_AccountRegistrationTest - ***Providing Details***
20:35:39.203 [main] INFO  testCases.TC001_AccountRegistrationTest - ***validating expected message***
20:35:39.266 [main] INFO  testCases.TC001_AccountRegistrationTest - ***finished***
20:35:44.917 [main] INFO  testCases.TC002_LoginTest - ***Starting TC002_LoginTest***
20:35:47.019 [main] INFO  testCases.TC002_LoginTest - ***Finished TC002_LoginTest***
20:36:57.851 [main] INFO  testCases.TC001_AccountRegistrationTest - ***Starting TC001_AccountRegistrationTest***
20:36:58.114 [main] INFO  testCases.TC001_AccountRegistrationTest - ***Clicked on MyAccount link***
20:36:58.966 [main] INFO  testCases.TC001_AccountRegistrationTest - ***Clicked on Register link***
20:36:58.968 [main] INFO  testCases.TC001_AccountRegistrationTest - ***Providing Details***
20:37:01.049 [main] INFO  testCases.TC001_AccountRegistrationTest - ***validating expected message***
20:37:01.124 [main] INFO  testCases.TC001_AccountRegistrationTest - ***finished***
20:37:12.240 [main] INFO  testCases.TC002_LoginTest - ***Starting TC002_LoginTest***
20:37:14.379 [main] INFO  testCases.TC002_LoginTest - ***Finished TC002_LoginTest***
20:39:04.422 [main] INFO  testCases.TC001_AccountRegistrationTest - ***Starting TC001_AccountRegistrationTest***
20:39:04.671 [main] INFO  testCases.TC001_AccountRegistrationTest - ***Clicked on MyAccount link***
20:39:05.483 [main] INFO  testCases.TC001_AccountRegistrationTest - ***Clicked on Register link***
20:39:05.487 [main] INFO  testCases.TC001_AccountRegistrationTest - ***Providing Details***
20:39:07.616 [main] INFO  testCases.TC001_AccountRegistrationTest - ***validating expected message***
20:39:07.680 [main] INFO  testCases.TC001_AccountRegistrationTest - ***finished***
20:39:16.808 [main] INFO  testCases.TC002_LoginTest - ***Starting TC002_LoginTest***
20:39:19.127 [main] INFO  testCases.TC002_LoginTest - ***Finished TC002_LoginTest***
21:43:15.032 [main] INFO  testCases.TC001_AccountRegistrationTest - ***Starting TC001_AccountRegistrationTest***
21:43:15.072 [main] ERROR testCases.TC001_AccountRegistrationTest - test failed...
21:47:33.962 [main] INFO  testCases.TC001_AccountRegistrationTest - ***Starting TC001_AccountRegistrationTest***
21:47:34.007 [main] ERROR testCases.TC001_AccountRegistrationTest - test failed...
21:50:05.987 [main] INFO  testCases.TC001_AccountRegistrationTest - ***Starting TC001_AccountRegistrationTest***
21:50:06.543 [main] INFO  testCases.TC001_AccountRegistrationTest - ***Clicked on MyAccount link***
21:50:07.573 [main] INFO  testCases.TC001_AccountRegistrationTest - ***Clicked on Register link***
21:50:07.576 [main] INFO  testCases.TC001_AccountRegistrationTest - ***Providing Details***
21:50:10.227 [main] INFO  testCases.TC001_AccountRegistrationTest - ***validating expected message***
21:50:10.340 [main] INFO  testCases.TC001_AccountRegistrationTest - ***finished***
21:55:20.425 [main] INFO  testCases.TC002_LoginTest - ***Starting TC002_LoginTest***
21:55:23.590 [main] INFO  testCases.TC002_LoginTest - ***Finished TC002_LoginTest***
22:00:46.080 [main] INFO  testCases.TC001_AccountRegistrationTest - ***Starting TC001_AccountRegistrationTest***
22:00:46.353 [main] INFO  testCases.TC001_AccountRegistrationTest - ***Clicked on MyAccount link***
22:00:47.299 [main] INFO  testCases.TC001_AccountRegistrationTest - ***Clicked on Register link***
22:00:47.303 [main] INFO  testCases.TC001_AccountRegistrationTest - ***Providing Details***
22:00:50.308 [main] INFO  testCases.TC001_AccountRegistrationTest - ***validating expected message***
22:00:50.400 [main] INFO  testCases.TC001_AccountRegistrationTest - ***finished***
22:06:25.462 [main] INFO  testCases.TC001_AccountRegistrationTest - ***Starting TC001_AccountRegistrationTest***
22:06:25.820 [main] INFO  testCases.TC001_AccountRegistrationTest - ***Clicked on MyAccount link***
22:06:26.649 [main] INFO  testCases.TC001_AccountRegistrationTest - ***Clicked on Register link***
22:06:26.654 [main] INFO  testCases.TC001_AccountRegistrationTest - ***Providing Details***
22:06:28.894 [main] INFO  testCases.TC001_AccountRegistrationTest - ***validating expected message***
22:06:28.967 [main] INFO  testCases.TC001_AccountRegistrationTest - ***finished***
18:04:39.160 [main] INFO  testCases.TC001_AccountRegistrationTest - ***Starting TC001_AccountRegistrationTest***
18:04:39.508 [main] INFO  testCases.TC001_AccountRegistrationTest - ***Clicked on MyAccount link***
18:04:40.299 [main] INFO  testCases.TC001_AccountRegistrationTest - ***Clicked on Register link***
18:04:40.322 [main] INFO  testCases.TC001_AccountRegistrationTest - ***Providing Details***
18:04:42.219 [main] INFO  testCases.TC001_AccountRegistrationTest - ***validating expected message***
18:04:42.281 [main] INFO  testCases.TC001_AccountRegistrationTest - ***finished***
18:04:49.349 [main] INFO  testCases.TC002_LoginTest - ***Starting TC002_LoginTest***
18:04:51.436 [main] INFO  testCases.TC002_LoginTest - ***Finished TC002_LoginTest***
18:19:13.472 [main] INFO  testCases.TC001_AccountRegistrationTest - ***Starting TC001_AccountRegistrationTest***
18:19:13.817 [main] INFO  testCases.TC001_AccountRegistrationTest - ***Clicked on MyAccount link***
18:19:14.625 [main] INFO  testCases.TC001_AccountRegistrationTest - ***Clicked on Register link***
18:19:14.632 [main] INFO  testCases.TC001_AccountRegistrationTest - ***Providing Details***
18:19:16.703 [main] INFO  testCases.TC001_AccountRegistrationTest - ***validating expected message***
18:19:16.770 [main] INFO  testCases.TC001_AccountRegistrationTest - ***finished***
18:19:22.521 [main] INFO  testCases.TC002_LoginTest - ***Starting TC002_LoginTest***
18:19:24.549 [main] INFO  testCases.TC002_LoginTest - ***Finished TC002_LoginTest***
19:41:50.144 [main] INFO  testCases.TC001_AccountRegistrationTest - ***Starting TC001_AccountRegistrationTest***
19:41:50.526 [main] INFO  testCases.TC001_AccountRegistrationTest - ***Clicked on MyAccount link***
19:41:51.374 [main] INFO  testCases.TC001_AccountRegistrationTest - ***Clicked on Register link***
19:41:51.448 [main] INFO  testCases.TC001_AccountRegistrationTest - ***Providing Details***
19:41:53.523 [main] INFO  testCases.TC001_AccountRegistrationTest - ***validating expected message***
19:41:53.588 [main] INFO  testCases.TC001_AccountRegistrationTest - ***finished***
19:42:00.489 [main] INFO  testCases.TC002_LoginTest - ***Starting TC002_LoginTest***
19:42:02.910 [main] INFO  testCases.TC002_LoginTest - ***Finished TC002_LoginTest***
20:11:44.055 [main] INFO  testCases.TC001_AccountRegistrationTest - ***Starting TC001_AccountRegistrationTest***
20:11:44.468 [main] INFO  testCases.TC001_AccountRegistrationTest - ***Clicked on MyAccount link***
20:11:45.281 [main] INFO  testCases.TC001_AccountRegistrationTest - ***Clicked on Register link***
20:11:45.353 [main] INFO  testCases.TC001_AccountRegistrationTest - ***Providing Details***
20:11:47.658 [main] INFO  testCases.TC001_AccountRegistrationTest - ***validating expected message***
20:11:47.726 [main] INFO  testCases.TC001_AccountRegistrationTest - ***finished***
20:11:53.440 [main] INFO  testCases.TC002_LoginTest - ***Starting TC002_LoginTest***
20:11:55.698 [main] INFO  testCases.TC002_LoginTest - ***Finished TC002_LoginTest***
